<?xml version="1.0" encoding="UTF-8"?>
<testsuite xmlns:xsi="http://www.w3.org/2001/XMLSchema-instance" xsi:noNamespaceSchemaLocation="https://maven.apache.org/surefire/maven-surefire-plugin/xsd/surefire-test-report.xsd" name="com.CalculatorControllerCalculationTests" time="0.079" tests="6" errors="0" skipped="0" failures="0">
  <properties>
[...]
</properties>
  <testcase name="testAdd" classname="com.CalculatorControllerCalculationTests" time="0.055"/>
  <testcase name="testSubtract" classname="com.CalculatorControllerCalculationTests" time="0"/>
  <testcase name="testInvalidOperation" classname="com.CalculatorControllerCalculationTests" time="0.001"/>
  <testcase name="testDivide" classname="com.CalculatorControllerCalculationTests" time="0.001"/>
  <testcase name="testMultiply" classname="com.CalculatorControllerCalculationTests" time="0.001"/>
  <testcase name="testSubtractnegative" classname="com.CalculatorControllerCalculationTests" time="0"/>
</testsuite>